#
# A fatal error has been detected by the Java Runtime Environment:
#
#  EXCEPTION_ACCESS_VIOLATION (0xc0000005) at pc=0x00000000540d1580, pid=1996, tid=6700
#
# JRE version: Java(TM) SE Runtime Environment (8.0_25-b18) (build 1.8.0_25-b18)
# Java VM: Java HotSpot(TM) 64-Bit Server VM (25.25-b02 mixed mode windows-amd64 compressed oops)
# Problematic frame:
# V  [jvm.dll+0xa1580]
#
# Failed to write core dump. Minidumps are not enabled by default on client versions of Windows
#
# If you would like to submit a bug report, please visit:
#   http://bugreport.sun.com/bugreport/crash.jsp
#

---------------  T H R E A D  ---------------

Current thread (0x0000000001d2e000):  GCTaskThread [stack: 0x0000000011e50000,0x0000000011f50000] [id=6700]

siginfo: ExceptionCode=0xc0000005, reading address 0x000000013f9cb3c8

Registers:
RAX=0x00000000128e0000, RBX=0x00000000824768f0, RCX=0x00000000824768f0, RDX=0x000000013f9cb3c0
RSP=0x0000000011f4f4d8, RBP=0x00000000174eefc0, RSI=0x000000008247689c, RDI=0x00000000824768f0
R8 =0x00000000000003b4, R9 =0x00000000174eefc0, R10=0x0000000000000b45, R11=0x0000000082476938
R12=0x00000000824768a8, R13=0x0000000000000008, R14=0x0000000082476878, R15=0x0000000000000008
RIP=0x00000000540d1580, EFLAGS=0x0000000000010206

Top of Stack: (sp=0x0000000011f4f4d8)
0x0000000011f4f4d8:   000000005412be67 0000000082476938
0x0000000011f4f4e8:   00000000174eefc0 0000000082476898
0x0000000011f4f4f8:   0000000000000004 00000000824768f0
0x0000000011f4f508:   000000005415a01a 0000000000000b43
0x0000000011f4f518:   0000000054134a96 0000000082476878
0x0000000011f4f528:   0000000082476874 00000000174eefc0
0x0000000011f4f538:   000000005415a123 0000000000000000
0x0000000011f4f548:   00000000000003d8 0000000001d2ed88
0x0000000011f4f558:   0000000001d63fc0 0000000000000b43
0x0000000011f4f568:   0000000054406760 00000000174eefc0
0x0000000011f4f578:   0000000001d2c3b0 0000000001d2e9b0
0x0000000011f4f588:   0000000001d2e9b0 000000c600000090
0x0000000011f4f598:   0000000000000c00 0000000000000000
0x0000000011f4f5a8:   0000000000000000 0000000000000000
0x0000000011f4f5b8:   0000000001dbe000 0000000001d2e901
0x0000000011f4f5c8:   0000000001d2e901 00004cdc8227ee33 

Instructions: (pc=0x00000000540d1580)
0x00000000540d1560:   48 8d 05 b1 39 51 00 48 89 44 24 30 e8 ff 3a 1d
0x00000000540d1570:   00 48 81 c4 c0 00 00 00 5b c3 cc cc cc cc cc cc
0x00000000540d1580:   44 8b 42 08 4c 8b ca 45 85 c0 7e 0e 41 f6 c0 01
0x00000000540d1590:   75 57 41 c1 f8 03 41 8b c0 c3 79 4d 80 3d a6 2d 


Register to memory mapping:

RAX=0x00000000128e0000 is an unknown value
RBX=
[error occurred during error reporting (printing register info), id 0xc0000005]

Stack: [0x0000000011e50000,0x0000000011f50000],  sp=0x0000000011f4f4d8,  free space=1021k
Native frames: (J=compiled Java code, j=interpreted, Vv=VM code, C=native code)
V  [jvm.dll+0xa1580]


---------------  P R O C E S S  ---------------

Java Threads: ( => current thread )
  0x00000000186f0000 JavaThread "Service Thread" daemon [_thread_blocked, id=8980, stack(0x000000001a240000,0x000000001a340000)]
  0x0000000018685800 JavaThread "C1 CompilerThread3" daemon [_thread_blocked, id=9444, stack(0x0000000019570000,0x0000000019670000)]
  0x0000000018674000 JavaThread "C2 CompilerThread2" daemon [_thread_blocked, id=7308, stack(0x000000001a060000,0x000000001a160000)]
  0x0000000018658000 JavaThread "C2 CompilerThread1" daemon [_thread_blocked, id=7652, stack(0x0000000019f00000,0x000000001a000000)]
  0x000000001864d800 JavaThread "C2 CompilerThread0" daemon [_thread_blocked, id=8536, stack(0x00000000197d0000,0x00000000198d0000)]
  0x000000001864c000 JavaThread "Attach Listener" daemon [_thread_blocked, id=2172, stack(0x0000000019da0000,0x0000000019ea0000)]
  0x000000001864a800 JavaThread "Signal Dispatcher" daemon [_thread_blocked, id=6404, stack(0x0000000019c60000,0x0000000019d60000)]
  0x000000001759a800 JavaThread "Finalizer" daemon [_thread_blocked, id=6468, stack(0x0000000019a60000,0x0000000019b60000)]
  0x0000000017593800 JavaThread "Reference Handler" daemon [_thread_blocked, id=9268, stack(0x00000000198e0000,0x00000000199e0000)]
  0x0000000001dbe000 JavaThread "main" [_thread_blocked, id=8112, stack(0x0000000001ff0000,0x00000000020f0000)]

Other Threads:
  0x0000000018603000 VMThread [stack: 0x0000000019690000,0x0000000019790000] [id=8036]
  0x00000000186f1000 WatcherThread [stack: 0x000000001a3a0000,0x000000001a4a0000] [id=7220]

=>0x0000000001d2e000 (exited) GCTaskThread [stack: 0x0000000011e50000,0x0000000011f50000] [id=6700]

VM state:at safepoint (normal execution)

VM Mutex/Monitor currently owned by a thread:  ([mutex/lock_event])
[0x0000000001dbc930] Threads_lock - owner thread: 0x0000000018603000
[0x0000000001dbce30] Heap_lock - owner thread: 0x0000000001dbe000

Heap:
 PSYoungGen      total 90112K, used 688K [0x00000000d6180000, 0x00000000dc600000, 0x0000000100000000)
  eden space 78848K, 0% used [0x00000000d6180000,0x00000000d6180000,0x00000000dae80000)
  from space 11264K, 6% used [0x00000000dba00000,0x00000000dbaac010,0x00000000dc500000)
  to   space 11776K, 0% used [0x00000000dae80000,0x00000000dae80000,0x00000000dba00000)
 ParOldGen       total 66048K, used 24740K [0x0000000082400000, 0x0000000086480000, 0x00000000d6180000)
  object space 66048K, 37% used [0x0000000082400000,0x0000000083c29350,0x0000000086480000)
 Metaspace       used 33392K, capacity 34260K, committed 34688K, reserved 1079296K
  class space    used 4106K, capacity 4439K, committed 4480K, reserved 1048576K

Card table byte_map: [0x0000000011780000,0x0000000011b70000] byte_map_base: 0x000000001136e000

Marking Bits: (ParMarkBitMap*) 0x000000005480d490
 Begin Bits: [0x00000000128e0000, 0x0000000014850000)
 End Bits:   [0x0000000014850000, 0x00000000167c0000)

Polling page: 0x00000000004a0000

CodeCache: size=245760Kb used=16424Kb max_used=16870Kb free=229335Kb
 bounds [0x00000000023c0000, 0x0000000003460000, 0x00000000113c0000]
 total_blobs=5324 nmethods=4863 adapters=374
 compilation: enabled

Compilation events (10 events):
Event: 16.342 Thread 0x0000000018685800 nmethod 5501 0x000000000268b890 code [0x000000000268ba00, 0x000000000268bcd0]
Event: 16.342 Thread 0x0000000018685800 5502       3       org.jboss.remoting3.remote.IntIndexHashMap::access$100 (4 bytes)
Event: 16.342 Thread 0x0000000018685800 nmethod 5502 0x0000000002854d10 code [0x0000000002854e60, 0x0000000002854ff0]
Event: 16.342 Thread 0x0000000018685800 5503       3       org.jboss.remoting3.remote.IntIndexHashMap$RowIterator::hasNext (52 bytes)
Event: 16.343 Thread 0x0000000018685800 nmethod 5503 0x0000000002672c90 code [0x0000000002672e00, 0x0000000002673130]
Event: 16.343 Thread 0x0000000018685800 5504       3       org.jboss.remoting3.remote.IntIndexHashMap::access$200 (4 bytes)
Event: 16.343 Thread 0x0000000018685800 nmethod 5504 0x0000000002ce7010 code [0x0000000002ce7160, 0x0000000002ce7290]
Event: 16.346 Thread 0x0000000018685800 5506       1       java.util.concurrent.atomic.AtomicInteger::get (5 bytes)
Event: 16.347 Thread 0x0000000018685800 nmethod 5506 0x0000000002672910 code [0x0000000002672a60, 0x0000000002672b70]
Event: 16.349 Thread 0x0000000018685800 5507       3       java.util.Locale::equals (75 bytes)

GC Heap History (10 events):
Event: 8.748 GC heap after
Heap after GC invocations=9 (full 1):
 PSYoungGen      total 56832K, used 4240K [0x00000000d6180000, 0x00000000da780000, 0x0000000100000000)
  eden space 44544K, 0% used [0x00000000d6180000,0x00000000d6180000,0x00000000d8d00000)
  from space 12288K, 34% used [0x00000000d9900000,0x00000000d9d24350,0x00000000da500000)
  to   space 12288K, 0% used [0x00000000d8d00000,0x00000000d8d00000,0x00000000d9900000)
 ParOldGen       total 66048K, used 14652K [0x0000000082400000, 0x0000000086480000, 0x00000000d6180000)
  object space 66048K, 22% used [0x0000000082400000,0x000000008324f370,0x0000000086480000)
 Metaspace       used 23335K, capacity 24002K, committed 24320K, reserved 1071104K
  class space    used 2781K, capacity 2994K, committed 3072K, reserved 1048576K
}
Event: 9.854 GC heap before
{Heap before GC invocations=10 (full 1):
 PSYoungGen      total 56832K, used 48784K [0x00000000d6180000, 0x00000000da780000, 0x0000000100000000)
  eden space 44544K, 100% used [0x00000000d6180000,0x00000000d8d00000,0x00000000d8d00000)
  from space 12288K, 34% used [0x00000000d9900000,0x00000000d9d24350,0x00000000da500000)
  to   space 12288K, 0% used [0x00000000d8d00000,0x00000000d8d00000,0x00000000d9900000)
 ParOldGen       total 66048K, used 14652K [0x0000000082400000, 0x0000000086480000, 0x00000000d6180000)
  object space 66048K, 22% used [0x0000000082400000,0x000000008324f3d0,0x0000000086480000)
 Metaspace       used 25515K, capacity 26240K, committed 26368K, reserved 1073152K
  class space    used 3067K, capacity 3269K, committed 3328K, reserved 1048576K
Event: 9.861 GC heap after
Heap after GC invocations=10 (full 1):
 PSYoungGen      total 56832K, used 6822K [0x00000000d6180000, 0x00000000db280000, 0x0000000100000000)
  eden space 44544K, 0% used [0x00000000d6180000,0x00000000d6180000,0x00000000d8d00000)
  from space 12288K, 55% used [0x00000000d8d00000,0x00000000d93a9b90,0x00000000d9900000)
  to   space 11776K, 0% used [0x00000000da700000,0x00000000da700000,0x00000000db280000)
 ParOldGen       total 66048K, used 14660K [0x0000000082400000, 0x0000000086480000, 0x00000000d6180000)
  object space 66048K, 22% used [0x0000000082400000,0x00000000832513d0,0x0000000086480000)
 Metaspace       used 25515K, capacity 26240K, committed 26368K, reserved 1073152K
  class space    used 3067K, capacity 3269K, committed 3328K, reserved 1048576K
}
Event: 11.034 GC heap before
{Heap before GC invocations=11 (full 1):
 PSYoungGen      total 56832K, used 51366K [0x00000000d6180000, 0x00000000db280000, 0x0000000100000000)
  eden space 44544K, 100% used [0x00000000d6180000,0x00000000d8d00000,0x00000000d8d00000)
  from space 12288K, 55% used [0x00000000d8d00000,0x00000000d93a9b90,0x00000000d9900000)
  to   space 11776K, 0% used [0x00000000da700000,0x00000000da700000,0x00000000db280000)
 ParOldGen       total 66048K, used 14727K [0x0000000082400000, 0x0000000086480000, 0x00000000d6180000)
  object space 66048K, 22% used [0x0000000082400000,0x0000000083261f60,0x0000000086480000)
 Metaspace       used 27671K, capacity 28500K, committed 28800K, reserved 1075200K
  class space    used 3330K, capacity 3617K, committed 3712K, reserved 1048576K
Event: 11.060 GC heap after
Heap after GC invocations=11 (full 1):
 PSYoungGen      total 71168K, used 6563K [0x00000000d6180000, 0x00000000db200000, 0x0000000100000000)
  eden space 59904K, 0% used [0x00000000d6180000,0x00000000d6180000,0x00000000d9c00000)
  from space 11264K, 58% used [0x00000000da700000,0x00000000dad68d10,0x00000000db200000)
  to   space 11264K, 0% used [0x00000000d9c00000,0x00000000d9c00000,0x00000000da700000)
 ParOldGen       total 66048K, used 16497K [0x0000000082400000, 0x0000000086480000, 0x00000000d6180000)
  object space 66048K, 24% used [0x0000000082400000,0x000000008341c620,0x0000000086480000)
 Metaspace       used 27671K, capacity 28500K, committed 28800K, reserved 1075200K
  class space    used 3330K, capacity 3617K, committed 3712K, reserved 1048576K
}
Event: 12.417 GC heap before
{Heap before GC invocations=12 (full 1):
 PSYoungGen      total 71168K, used 66467K [0x00000000d6180000, 0x00000000db200000, 0x0000000100000000)
  eden space 59904K, 100% used [0x00000000d6180000,0x00000000d9c00000,0x00000000d9c00000)
  from space 11264K, 58% used [0x00000000da700000,0x00000000dad68d10,0x00000000db200000)
  to   space 11264K, 0% used [0x00000000d9c00000,0x00000000d9c00000,0x00000000da700000)
 ParOldGen       total 66048K, used 16497K [0x0000000082400000, 0x0000000086480000, 0x00000000d6180000)
  object space 66048K, 24% used [0x0000000082400000,0x000000008341c620,0x0000000086480000)
 Metaspace       used 32865K, capacity 33748K, committed 34176K, reserved 1079296K
  class space    used 4036K, capacity 4375K, committed 4480K, reserved 1048576K
Event: 12.429 GC heap after
Heap after GC invocations=12 (full 1):
 PSYoungGen      total 71168K, used 8459K [0x00000000d6180000, 0x00000000dc500000, 0x0000000100000000)
  eden space 59904K, 0% used [0x00000000d6180000,0x00000000d6180000,0x00000000d9c00000)
  from space 11264K, 75% used [0x00000000d9c00000,0x00000000da442dd0,0x00000000da700000)
  to   space 11264K, 0% used [0x00000000dba00000,0x00000000dba00000,0x00000000dc500000)
 ParOldGen       total 66048K, used 19172K [0x0000000082400000, 0x0000000086480000, 0x00000000d6180000)
  object space 66048K, 29% used [0x0000000082400000,0x00000000836b9288,0x0000000086480000)
 Metaspace       used 32865K, capacity 33748K, committed 34176K, reserved 1079296K
  class space    used 4036K, capacity 4375K, committed 4480K, reserved 1048576K
}
Event: 16.349 GC heap before
{Heap before GC invocations=13 (full 1):
 PSYoungGen      total 71168K, used 17137K [0x00000000d6180000, 0x00000000dc500000, 0x0000000100000000)
  eden space 59904K, 14% used [0x00000000d6180000,0x00000000d69f9770,0x00000000d9c00000)
  from space 11264K, 75% used [0x00000000d9c00000,0x00000000da442dd0,0x00000000da700000)
  to   space 11264K, 0% used [0x00000000dba00000,0x00000000dba00000,0x00000000dc500000)
 ParOldGen       total 66048K, used 19172K [0x0000000082400000, 0x0000000086480000, 0x00000000d6180000)
  object space 66048K, 29% used [0x0000000082400000,0x00000000836b9288,0x0000000086480000)
 Metaspace       used 33392K, capacity 34260K, committed 34688K, reserved 1079296K
  class space    used 4106K, capacity 4439K, committed 4480K, reserved 1048576K
Event: 16.356 GC heap after
Heap after GC invocations=13 (full 1):
 PSYoungGen      total 90112K, used 688K [0x00000000d6180000, 0x00000000dc600000, 0x0000000100000000)
  eden space 78848K, 0% used [0x00000000d6180000,0x00000000d6180000,0x00000000dae80000)
  from space 11264K, 6% used [0x00000000dba00000,0x00000000dbaac010,0x00000000dc500000)
  to   space 11776K, 0% used [0x00000000dae80000,0x00000000dae80000,0x00000000dba00000)
 ParOldGen       total 66048K, used 24740K [0x0000000082400000, 0x0000000086480000, 0x00000000d6180000)
  object space 66048K, 37% used [0x0000000082400000,0x0000000083c29350,0x0000000086480000)
 Metaspace       used 33392K, capacity 34260K, committed 34688K, reserved 1079296K
  class space    used 4106K, capacity 4439K, committed 4480K, reserved 1048576K
}
Event: 16.356 GC heap before
{Heap before GC invocations=14 (full 2):
 PSYoungGen      total 90112K, used 688K [0x00000000d6180000, 0x00000000dc600000, 0x0000000100000000)
  eden space 78848K, 0% used [0x00000000d6180000,0x00000000d6180000,0x00000000dae80000)
  from space 11264K, 6% used [0x00000000dba00000,0x00000000dbaac010,0x00000000dc500000)
  to   space 11776K, 0% used [0x00000000dae80000,0x00000000dae80000,0x00000000dba00000)
 ParOldGen       total 66048K, used 24740K [0x0000000082400000, 0x0000000086480000, 0x00000000d6180000)
  object space 66048K, 37% used [0x0000000082400000,0x0000000083c29350,0x0000000086480000)
 Metaspace       used 33392K, capacity 34260K, committed 34688K, reserved 1079296K
  class space    used 4106K, capacity 4439K, committed 4480K, reserved 1048576K

Deoptimization events (10 events):
Event: 12.460 Thread 0x0000000001dbe000 Uncommon trap: reason=bimorphic action=maybe_recompile pc=0x000000000280265c method=java.io.DataOutputStream.writeByte(I)V @ 5
Event: 12.461 Thread 0x0000000001dbe000 Uncommon trap: reason=class_check action=maybe_recompile pc=0x00000000027fb0b0 method=java.io.DataOutputStream.write(I)V @ 5
Event: 12.461 Thread 0x0000000001dbe000 Uncommon trap: reason=class_check action=maybe_recompile pc=0x00000000027fb0b0 method=java.io.DataOutputStream.write(I)V @ 5
Event: 12.461 Thread 0x0000000001dbe000 Uncommon trap: reason=class_check action=maybe_recompile pc=0x00000000027fb0b0 method=java.io.DataOutputStream.write(I)V @ 5
Event: 12.461 Thread 0x0000000001dbe000 Uncommon trap: reason=class_check action=maybe_recompile pc=0x00000000027fb0b0 method=java.io.DataOutputStream.write(I)V @ 5
Event: 12.461 Thread 0x0000000001dbe000 Uncommon trap: reason=bimorphic action=maybe_recompile pc=0x00000000027cf664 method=java.io.DataOutputStream.write([BII)V @ 7
Event: 12.461 Thread 0x0000000001dbe000 Uncommon trap: reason=bimorphic action=maybe_recompile pc=0x00000000027cf664 method=java.io.DataOutputStream.write([BII)V @ 7
Event: 12.461 Thread 0x0000000001dbe000 Uncommon trap: reason=bimorphic action=maybe_recompile pc=0x00000000027cf664 method=java.io.DataOutputStream.write([BII)V @ 7
Event: 12.461 Thread 0x0000000001dbe000 Uncommon trap: reason=bimorphic action=maybe_recompile pc=0x00000000027cf664 method=java.io.DataOutputStream.write([BII)V @ 7
Event: 12.461 Thread 0x0000000001dbe000 Uncommon trap: reason=bimorphic action=maybe_recompile pc=0x000000000280265c method=java.io.DataOutputStream.writeByte(I)V @ 5

Internal exceptions (10 events):
Event: 16.339 Thread 0x0000000001dbe000 Exception <a 'java/security/PrivilegedActionException'> (0x00000000d6672ae8) thrown at [D:\re\workspace\8-2-build-windows-amd64-cygwin\jdk8u25\1677\hotspot\src\share\vm\prims\jvm.cpp, line 1312]
Event: 16.339 Thread 0x0000000001dbe000 Exception <a 'java/security/PrivilegedActionException'> (0x00000000d667c290) thrown at [D:\re\workspace\8-2-build-windows-amd64-cygwin\jdk8u25\1677\hotspot\src\share\vm\prims\jvm.cpp, line 1312]
Event: 16.339 Thread 0x0000000001dbe000 Exception <a 'java/security/PrivilegedActionException'> (0x00000000d667f328) thrown at [D:\re\workspace\8-2-build-windows-amd64-cygwin\jdk8u25\1677\hotspot\src\share\vm\prims\jvm.cpp, line 1312]
Event: 16.340 Thread 0x0000000001dbe000 Exception <a 'java/security/PrivilegedActionException'> (0x00000000d6685a50) thrown at [D:\re\workspace\8-2-build-windows-amd64-cygwin\jdk8u25\1677\hotspot\src\share\vm\prims\jvm.cpp, line 1312]
Event: 16.340 Thread 0x0000000001dbe000 Exception <a 'java/security/PrivilegedActionException'> (0x00000000d668c280) thrown at [D:\re\workspace\8-2-build-windows-amd64-cygwin\jdk8u25\1677\hotspot\src\share\vm\prims\jvm.cpp, line 1312]
Event: 16.341 Thread 0x0000000001dbe000 Exception <a 'java/security/PrivilegedActionException'> (0x00000000d6693878) thrown at [D:\re\workspace\8-2-build-windows-amd64-cygwin\jdk8u25\1677\hotspot\src\share\vm\prims\jvm.cpp, line 1312]
Event: 16.342 Thread 0x0000000001dbe000 Exception <a 'java/security/PrivilegedActionException'> (0x00000000d66a4ca0) thrown at [D:\re\workspace\8-2-build-windows-amd64-cygwin\jdk8u25\1677\hotspot\src\share\vm\prims\jvm.cpp, line 1312]
Event: 16.343 Thread 0x0000000001dbe000 Exception <a 'java/security/PrivilegedActionException'> (0x00000000d66b1520) thrown at [D:\re\workspace\8-2-build-windows-amd64-cygwin\jdk8u25\1677\hotspot\src\share\vm\prims\jvm.cpp, line 1312]
Event: 16.344 Thread 0x000000001c329800 Exception <a 'java/security/PrivilegedActionException'> (0x00000000d6711cd0) thrown at [D:\re\workspace\8-2-build-windows-amd64-cygwin\jdk8u25\1677\hotspot\src\share\vm\prims\jvm.cpp, line 1312]
Event: 16.345 Thread 0x0000000001dbe000 Exception <a 'java/security/PrivilegedActionException'> (0x00000000d66b7258) thrown at [D:\re\workspace\8-2-build-windows-amd64-cygwin\jdk8u25\1677\hotspot\src\share\vm\prims\jvm.cpp, line 1312]

Events (10 events):
Event: 16.347 Executing VM operation: RevokeBias done
Event: 16.348 Executing VM operation: RevokeBias
Event: 16.348 Executing VM operation: RevokeBias done
Event: 16.348 Thread 0x000000001d874800 Thread exited: 0x000000001d874800
Event: 16.348 Executing VM operation: RevokeBias
Event: 16.348 Executing VM operation: RevokeBias done
Event: 16.348 Executing VM operation: RevokeBias
Event: 16.348 Executing VM operation: RevokeBias done
Event: 16.348 Thread 0x0000000018688800 Thread exited: 0x0000000018688800
Event: 16.349 Executing VM operation: ParallelGCSystemGC


Dynamic libraries:
0x000000013fc10000 - 0x000000013fc44000 	C:\Program Files\Java\jdk1.8.0_25\bin\javaw.exe
0x0000000077710000 - 0x00000000778b9000 	C:\Windows\SYSTEM32\ntdll.dll
0x00000000774f0000 - 0x000000007760f000 	C:\Windows\system32\kernel32.dll
0x000007fefd710000 - 0x000007fefd77b000 	C:\Windows\system32\KERNELBASE.dll
0x000007fefea60000 - 0x000007fefeb3b000 	C:\Windows\system32\ADVAPI32.dll
0x000007feff830000 - 0x000007feff8cf000 	C:\Windows\system32\msvcrt.dll
0x000007fefebe0000 - 0x000007fefebff000 	C:\Windows\SYSTEM32\sechost.dll
0x000007feff340000 - 0x000007feff46d000 	C:\Windows\system32\RPCRT4.dll
0x0000000077610000 - 0x000000007770a000 	C:\Windows\system32\USER32.dll
0x000007fefec00000 - 0x000007fefec67000 	C:\Windows\system32\GDI32.dll
0x000007feff8d0000 - 0x000007feff8de000 	C:\Windows\system32\LPK.dll
0x000007fefdbb0000 - 0x000007fefdc79000 	C:\Windows\system32\USP10.dll
0x000007fefc130000 - 0x000007fefc324000 	C:\Windows\WinSxS\amd64_microsoft.windows.common-controls_6595b64144ccf1df_6.0.7601.17514_none_fa396087175ac9ac\COMCTL32.dll
0x000007feff9a0000 - 0x000007feffa11000 	C:\Windows\system32\SHLWAPI.dll
0x000007fefdb70000 - 0x000007fefdb9e000 	C:\Windows\system32\IMM32.DLL
0x000007fefefd0000 - 0x000007feff0d9000 	C:\Windows\system32\MSCTF.dll
0x000000005eea0000 - 0x000000005ef72000 	C:\Program Files\Java\jdk1.8.0_25\jre\bin\msvcr100.dll
0x0000000054030000 - 0x000000005488a000 	C:\Program Files\Java\jdk1.8.0_25\jre\bin\server\jvm.dll
0x000007fef73f0000 - 0x000007fef73f9000 	C:\Windows\system32\WSOCK32.dll
0x000007fefea10000 - 0x000007fefea5d000 	C:\Windows\system32\WS2_32.dll
0x000007fefdba0000 - 0x000007fefdba8000 	C:\Windows\system32\NSI.dll
0x000007fef7400000 - 0x000007fef743b000 	C:\Windows\system32\WINMM.dll
0x00000000778d0000 - 0x00000000778d7000 	C:\Windows\system32\PSAPI.DLL
0x0000000062df0000 - 0x0000000062dff000 	C:\Program Files\Java\jdk1.8.0_25\jre\bin\verify.dll
0x000000005f030000 - 0x000000005f058000 	C:\Program Files\Java\jdk1.8.0_25\jre\bin\java.dll
0x0000000062dd0000 - 0x0000000062de6000 	C:\Program Files\Java\jdk1.8.0_25\jre\bin\zip.dll
0x000007fefdc80000 - 0x000007fefea08000 	C:\Windows\system32\SHELL32.dll
0x000007feff620000 - 0x000007feff823000 	C:\Windows\system32\ole32.dll
0x000007fefd660000 - 0x000007fefd66f000 	C:\Windows\system32\profapi.dll
0x000000005f010000 - 0x000000005f02a000 	C:\Program Files\Java\jdk1.8.0_25\jre\bin\net.dll
0x000007fefce90000 - 0x000007fefcee5000 	C:\Windows\system32\mswsock.dll
0x000007fefce80000 - 0x000007fefce87000 	C:\Windows\System32\wship6.dll
0x000000005eff0000 - 0x000000005f001000 	C:\Program Files\Java\jdk1.8.0_25\jre\bin\nio.dll
0x000007fefc890000 - 0x000007fefc897000 	C:\Windows\System32\wshtcpip.dll
0x000007fefcd10000 - 0x000007fefcd6b000 	C:\Windows\system32\DNSAPI.dll
0x000007fefb320000 - 0x000007fefb347000 	C:\Windows\system32\IPHLPAPI.DLL
0x000007fefb2c0000 - 0x000007fefb2cb000 	C:\Windows\system32\WINNSI.DLL
0x000007fef6b40000 - 0x000007fef6b48000 	C:\Windows\system32\rasadhlp.dll
0x000007fefaf60000 - 0x000007fefafb3000 	C:\Windows\System32\fwpuclnt.dll
0x0000000062e00000 - 0x0000000062e0d000 	C:\Program Files\Java\jdk1.8.0_25\jre\bin\management.dll
0x000007fefcef0000 - 0x000007fefcf07000 	C:\Windows\system32\CRYPTSP.dll
0x000007fefcbf0000 - 0x000007fefcc37000 	C:\Windows\system32\rsaenh.dll
0x000007fefc9b0000 - 0x000007fefc9ce000 	C:\Windows\system32\USERENV.dll
0x000007fefd550000 - 0x000007fefd55f000 	C:\Windows\system32\CRYPTBASE.dll
0x000007fefb1f0000 - 0x000007fefb208000 	C:\Windows\system32\dhcpcsvc.DLL
0x000007fefaeb0000 - 0x000007fefaec1000 	C:\Windows\system32\dhcpcsvc6.DLL
0x000000005efb0000 - 0x000000005efd4000 	C:\Program Files\Java\jdk1.8.0_25\jre\bin\sunec.dll
0x000000005efa0000 - 0x000000005efab000 	C:\Program Files\Java\jdk1.8.0_25\jre\bin\sunmscapi.dll
0x000007fefd780000 - 0x000007fefd8e7000 	C:\Windows\system32\CRYPT32.dll
0x000007fefd700000 - 0x000007fefd70f000 	C:\Windows\system32\MSASN1.dll
0x000007fef2fc0000 - 0x000007fef30e5000 	C:\Windows\system32\dbghelp.dll

VM Arguments:
jvm_args: -Dmaven.home=EMBEDDED -Dclassworlds.conf=E:\oops\2eme ann\jee\workspace\.metadata\.plugins\org.eclipse.m2e.launching\launches\m2conf5435097627373803459.tmp -Dmaven.multiModuleProjectDirectory=E:\oops\2eme ann\jee\workspace\integration\piPMT -Dfile.encoding=Cp1252 
java_command: org.codehaus.plexus.classworlds.launcher.Launcher -B clean install
java_class_path (initial): /C:/Users/poste/jbdevstudio/studio/plugins/org.eclipse.m2e.maven.runtime_1.6.2.20150902-0001/jars/plexus-classworlds-2.5.2.jar
Launcher Type: SUN_STANDARD

Environment Variables:
JAVA_HOME=C:\Program Files\Java\jdk1.8.0_25
PATH=C:\Program Files\Java\jdk1.8.0_25/bin;C:\ProgramData\Oracle\Java\javapath;C:\Program Files (x86)\AMD APP\bin\x86_64;C:\Program Files (x86)\AMD APP\bin\x86;C:\Program Files\Broadcom\Broadcom 802.11 Network Adapter\Driver;;C:\Windows\system32;C:\Windows;C:\Windows\System32\Wbem;C:\Windows\System32\WindowsPowerShell\v1.0\;C:\Program Files\Intel\WiFi\bin\;C:\Program Files\Common Files\Intel\WirelessCommon\;C:\Program Files (x86)\Brackets\command;C:\Windows\system32\config\systemprofile\.dnx\bin;C:\Program Files\Microsoft DNX\Dnvm\;C:\Program Files\Microsoft SQL Server\120\Tools\Binn\;C:\Program Files\Microsoft SQL Server\130\Tools\Binn\;C:\Program Files (x86)\MySQL\MySQL Fabric 1.5.4 & MySQL Utilities 1.5.4 1.5\;C:\Program Files (x86)\MySQL\MySQL Fabric 1.5.4 & MySQL Utilities 1.5.4 1.5\Doctrine extensions for PHP\;C:\Program Files\Intel\WiFi\bin\;C:\Program Files\Common Files\Intel\WirelessCommon\
USERNAME=poste
OS=Windows_NT
PROCESSOR_IDENTIFIER=Intel64 Family 6 Model 42 Stepping 7, GenuineIntel



---------------  S Y S T E M  ---------------

OS: Windows 7 , 64 bit Build 7601 Service Pack 1

CPU:total 8 (4 cores per cpu, 2 threads per core) family 6 model 42 stepping 7, cmov, cx8, fxsr, mmx, sse, sse2, sse3, ssse3, sse4.1, sse4.2, popcnt, avx, clmul, ht, tsc, tscinvbit

Memory: 4k page, physical 8236912k(1471460k free), swap 16471960k(7584880k free)

vm_info: Java HotSpot(TM) 64-Bit Server VM (25.25-b02) for windows-amd64 JRE (1.8.0_25-b18), built on Oct  7 2014 14:25:37 by "java_re" with MS VC++ 10.0 (VS2010)

time: Fri Dec 02 21:19:56 2016
elapsed time: 16 seconds (0d 0h 0m 16s)

